\BOOKMARK [1][-]{section.1}{Introduction}{}% 1
\BOOKMARK [1][-]{section.2}{Background}{}% 2
\BOOKMARK [2][-]{subsection.2.1}{Prostate carcinoma}{section.2}% 3
\BOOKMARK [2][-]{subsection.2.2}{CaP screening and imaging techniques}{section.2}% 4
\BOOKMARK [3][-]{subsubsection.2.2.1}{Current CaP screening}{subsection.2.2}% 5
\BOOKMARK [3][-]{subsubsection.2.2.2}{MRI imaging techniques}{subsection.2.2}% 6
\BOOKMARK [3][-]{subsubsection.2.2.3}{Computer-aided systems for CaP: CADe - CADx}{subsection.2.2}% 7
\BOOKMARK [2][-]{subsection.2.3}{Literature classification}{section.2}% 8
\BOOKMARK [1][-]{section.3}{Image regularization framework}{}% 9
\BOOKMARK [2][-]{subsection.3.1}{Pre-processing}{section.3}% 10
\BOOKMARK [3][-]{subsubsection.3.1.1}{MRI images pre-processing}{subsection.3.1}% 11
\BOOKMARK [3][-]{subsubsection.3.1.2}{MRSI spectra}{subsection.3.1}% 12
\BOOKMARK [2][-]{subsection.3.2}{Segmentation}{section.3}% 13
\BOOKMARK [3][-]{subsubsection.3.2.1}{MRI-based segmentation}{subsection.3.2}% 14
\BOOKMARK [3][-]{subsubsection.3.2.2}{MRSI-based segmentation}{subsection.3.2}% 15
\BOOKMARK [2][-]{subsection.3.3}{Registration}{section.3}% 16
\BOOKMARK [3][-]{subsubsection.3.3.1}{Geometric transformation models}{subsection.3.3}% 17
\BOOKMARK [3][-]{subsubsection.3.3.2}{Similarity measure}{subsection.3.3}% 18
\BOOKMARK [3][-]{subsubsection.3.3.3}{Optimization methods}{subsection.3.3}% 19
\BOOKMARK [3][-]{subsubsection.3.3.4}{Interpolation}{subsection.3.3}% 20
\BOOKMARK [3][-]{subsubsection.3.3.5}{Review of the methods used in CAD system}{subsection.3.3}% 21
\BOOKMARK [1][-]{section.4}{Image classification framework}{}% 22
\BOOKMARK [2][-]{subsection.4.1}{CADe: ROIs detection/selection}{section.4}% 23
\BOOKMARK [2][-]{subsection.4.2}{Feature detection}{section.4}% 24
\BOOKMARK [3][-]{subsubsection.4.2.1}{Image-based features}{subsection.4.2}% 25
\BOOKMARK [3][-]{subsubsection.4.2.2}{DCE-based features}{subsection.4.2}% 26
\BOOKMARK [3][-]{subsubsection.4.2.3}{MRSI-based features}{subsection.4.2}% 27
\BOOKMARK [2][-]{subsection.4.3}{Feature selection and feature extraction}{section.4}% 28
\BOOKMARK [3][-]{subsubsection.4.3.1}{Feature selection}{subsection.4.3}% 29
\BOOKMARK [3][-]{subsubsection.4.3.2}{Feature extraction}{subsection.4.3}% 30
\BOOKMARK [2][-]{subsection.4.4}{Classification}{section.4}% 31
\BOOKMARK [3][-]{subsubsection.4.4.1}{Classifier}{subsection.4.4}% 32
\BOOKMARK [3][-]{subsubsection.4.4.2}{Model validation}{subsection.4.4}% 33
\BOOKMARK [3][-]{subsubsection.4.4.3}{Evaluation measure}{subsection.4.4}% 34
\BOOKMARK [1][-]{section.5}{Discussion}{}% 35
\BOOKMARK [2][-]{subsection.5.1}{Brief comparison}{section.5}% 36
\BOOKMARK [2][-]{subsection.5.2}{General discussion}{section.5}% 37
\BOOKMARK [1][-]{section.6}{Conclusion}{}% 38
\BOOKMARK [1][-]{section.7}{Acknowledgement}{}% 39
